commit 037820b501e2c2aaf44f524950d6a91932bf13d0
Author: Paul Carroll <p.v.carroll@gmail.com>
Date:   Wed Jun 26 21:44:17 2013 -0500

    documentation

commit 2cd9cf906321bc75ef691a3c01dd16f0a359a6d2
Author: Paul Carroll <p.v.carroll@gmail.com>
Date:   Wed Jun 26 21:20:01 2013 -0500

    documentation, cleaned up code

commit 0589371e77b6544d5978fd0e88593416ae8607ac
Author: Paul Carroll <p.v.carroll@gmail.com>
Date:   Wed Jun 26 15:12:10 2013 -0500

    acceptance test corner bases

commit 717753809dc2c1c74281f9bd33a14cda8770d4da
Author: Paul Carroll <p.v.carroll@gmail.com>
Date:   Wed Jun 26 15:08:08 2013 -0500

    acceptance test generator with branching

commit 2a7dc1328792647815571afeb723dacb7f720791
Author: Paul Carroll <p.v.carroll@gmail.com>
Date:   Wed Jun 26 14:50:15 2013 -0500

    acceptance test generator without branching

commit 65e1d960a2cc0a5982fcdf734b972fe2af9ae02f
Author: Paul Carroll <p.v.carroll@gmail.com>
Date:   Wed Jun 26 14:04:14 2013 -0500

    works for multiple test cases

commit 1166c905e4e60115e0be8d4f71e927d2171f8c2a
Author: Paul Carroll <p.v.carroll@gmail.com>
Date:   Tue Jun 25 23:28:40 2013 -0500

    working on handling multiple test cases

commit eb7a119025603cbc7f7deb96fa940a736baeb872
Author: Paul Carroll <p.v.carroll@gmail.com>
Date:   Tue Jun 25 23:19:45 2013 -0500

    added asserts

commit 001bc16cebb3420de201b198635e64dd6fa89a01
Author: Paul Carroll <p.v.carroll@gmail.com>
Date:   Tue Jun 25 23:02:03 2013 -0500

    finished unit tests

commit 42e618385ad8f7046fa64820544f2fe6c0d59f62
Author: Paul Carroll <p.v.carroll@gmail.com>
Date:   Tue Jun 25 22:43:27 2013 -0500

    output done

commit 134764faafb37c88bd00008a7956bd8ee18b8779
Author: Paul Carroll <p.v.carroll@gmail.com>
Date:   Tue Jun 25 22:19:24 2013 -0500

    unfinished solve tests

commit 89f56e158270467b1f894d0681fc7e7e3a1cca53
Author: Paul Carroll <p.v.carroll@gmail.com>
Date:   Tue Jun 25 21:59:33 2013 -0500

    validatePattern tests

commit b4960bb0a92b4c92ee24055d61e5e7f12ce9d2c3
Author: Paul Carroll <p.v.carroll@gmail.com>
Date:   Tue Jun 25 15:50:18 2013 -0500

    finds trees

commit ac2875736b5998ec291e6c5a1c6ac0d833cc820d
Author: Paul Carroll <p.v.carroll@gmail.com>
Date:   Tue Jun 25 15:32:18 2013 -0500

    validatePattern works for trees of height 2

commit e3081a96f7db90c583be0f62f243c1ace90d804f
Author: Paul Carroll <p.v.carroll@gmail.com>
Date:   Tue Jun 25 15:06:59 2013 -0500

    working on validatePattern

commit 258e75f96b94c02e788246aadaa9bf50e9dd690f
Author: Paul Carroll <p.v.carroll@gmail.com>
Date:   Tue Jun 25 14:49:40 2013 -0500

    list of potential matches, handling validator

commit 992a6bbc810cd8757b8956de1506b6005bb27308
Author: Paul Carroll <p.v.carroll@gmail.com>
Date:   Mon Jun 24 22:32:36 2013 -0500

    starting on finding tree patterns

commit 6c884b903da8966baed68710b4a16d1696602dc4
Author: Paul Carroll <p.v.carroll@gmail.com>
Date:   Sat Jun 22 21:51:05 2013 -0500

    added unit tests for findPattern

commit b04892e03af06d424fb57ae443ce46d4e767a4a2
Author: Paul Carroll <p.v.carroll@gmail.com>
Date:   Sat Jun 22 21:48:33 2013 -0500

    unit tests fo read, indexTree, findPattern

commit b63038968796a2b86298b04f082273c045caf78e
Author: Paul Carroll <p.v.carroll@gmail.com>
Date:   Sat Jun 22 19:24:38 2013 -0500

    cmd line input works

commit 24eec9e9a3219ba8337fec2b79bde894afaacc42
Author: Paul Carroll <p.v.carroll@gmail.com>
Date:   Sat Jun 22 18:48:00 2013 -0500

    call from RunXML.py works fixes #12

commit 57c02a4da55feacc5dbaeeb5ed7c2817349f6bf3
Author: Paul Carroll <p.v.carroll@gmail.com>
Date:   Sat Jun 22 18:40:50 2013 -0500

    running from RunXMl, using std.sysin

commit ad740f966b1afe1a536f46813663f39215792768
Author: Paul Carroll <p.v.carroll@gmail.com>
Date:   Sat Jun 22 18:32:37 2013 -0500

    xml solve

commit 23c11efb38fcc3d348279fd3910340dfbb278d0a
Author: Paul Carroll <p.v.carroll@gmail.com>
Date:   Sat Jun 22 17:39:15 2013 -0500

    findPattern returns list of occurences of seach pattern

commit 051569acc0f335e30ecb24facf4d3edbc45275e1
Author: Paul Carroll <p.v.carroll@gmail.com>
Date:   Sat Jun 22 16:19:54 2013 -0500

    finding search pattern locations

commit 681ba9192d7c6ceaf85b21b8d7bd009df911ac22
Author: eayivi <enam.ayivi@utexas.edu>
Date:   Thu Jun 20 00:18:33 2013 -0500

    Implement recursive call without answers

commit 42eb04a95ed6c24f8b00403b6940f2df6562d77d
Author: eayivi <enam.ayivi@utexas.edu>
Date:   Wed Jun 19 23:57:06 2013 -0500

    implement position attribute

commit fda87c34eecf50af6d71ff3ab184cb7437cef308
Merge: 7d025cf bed38d7
Author: eayivi <enam.ayivi@utexas.edu>
Date:   Wed Jun 19 23:02:22 2013 -0500

    Merge branch 'master' of https://github.com/pvcarroll/cs373-xml

commit 7d025cfa18fb52749fafefaff28792c8f5a9a8c4
Author: eayivi <enam.ayivi@utexas.edu>
Date:   Wed Jun 19 23:02:02 2013 -0500

    implement separate functions, list, and index trees

commit bed38d761de5f74758dee18ccff8c77567755d24
Author: pvcarroll <p.v.carroll@gmail.com>
Date:   Wed Jun 19 22:29:29 2013 -0500

    Update .gitignore

commit 67c3ee84ec2f698d17b77a588d01cdcc352e5603
Author: Paul Carroll <p.v.carroll@gmail.com>
Date:   Wed Jun 19 21:11:25 2013 -0500

    reading, storing as element

commit 97f6dec88018e42298d6f54e33babbd9ee3e658f
Author: Paul Carroll <p.v.carroll@gmail.com>
Date:   Wed Jun 19 19:15:14 2013 -0500

    working on input

commit 4c591cd7b32d9e54867e4625574eadfe89c8926a
Author: Paul Carroll <p.v.carroll@gmail.com>
Date:   Wed Jun 19 13:13:29 2013 -0500

    rm

commit df6de3909c185f0c2fca93786ed23f8f5ca5de9e
Merge: ba1518e 2fe9e62
Author: Paul Carroll <p.v.carroll@gmail.com>
Date:   Wed Jun 19 13:11:01 2013 -0500

    Merge branch 'master' of github.com:pvcarroll/cs373-xml

commit ba1518e4800d51d0dce8c27ba1d27f2897ef9f1d
Author: Paul Carroll <p.v.carroll@gmail.com>
Date:   Wed Jun 19 13:10:37 2013 -0500

    rm backup files

commit 2fe9e629cf6d528cddf724d37b600b2f90ee1ce9
Author: pvcarroll <p.v.carroll@gmail.com>
Date:   Wed Jun 19 14:09:06 2013 -0400

    Update .gitignore

commit 89143276eaad28960486d5926f3fdd720be93bf8
Merge: 20688bd 6209322
Author: Paul Carroll <p.v.carroll@gmail.com>
Date:   Wed Jun 19 13:06:42 2013 -0500

    Merge branch 'master' of github.com:pvcarroll/cs373-xml

commit 6209322c6a9a1a749b6034521ede1067b2a05a23
Author: pvcarroll <p.v.carroll@gmail.com>
Date:   Wed Jun 19 13:05:57 2013 -0500

    Update .gitignore

commit 20688bdf25652ad0783bcec5e7874a1f3823d21d
Merge: 7d4f508 1ffb4c4
Author: Paul Carroll <p.v.carroll@gmail.com>
Date:   Wed Jun 19 13:02:58 2013 -0500

    Merge branch 'master' of github.com:pvcarroll/cs373-xml

commit 7d4f508b4104e1394298ef5e2682696cd0173916
Author: Paul Carroll <p.v.carroll@gmail.com>
Date:   Wed Jun 19 13:02:27 2013 -0500

    initial commit

commit 1ffb4c4c86ca6c6774cc38ca05886952baa2f3f8
Author: pvcarroll <p.v.carroll@gmail.com>
Date:   Wed Jun 19 13:58:28 2013 -0400

    Update .gitignore

commit ce31113c29775876dc3f843c3a76fd7ccd229586
Author: pvcarroll <p.v.carroll@gmail.com>
Date:   Wed Jun 19 10:49:01 2013 -0700

    Initial commit
